18/04/15 11:31:02 INFO client.RMProxy: Connecting to ResourceManager at /0.0.0.0:8032
18/04/15 11:31:03 WARN mapreduce.JobResourceUploader: Hadoop command-line option parsing not performed. Implement the Tool interface and execute your application with ToolRunner to remedy this.
18/04/15 11:31:04 INFO input.FileInputFormat: Total input paths to process : 2
18/04/15 11:31:04 INFO mapreduce.JobSubmitter: number of splits:2
18/04/15 11:31:04 INFO mapreduce.JobSubmitter: Submitting tokens for job: job_1523513351577_0021
18/04/15 11:31:04 INFO impl.YarnClientImpl: Submitted application application_1523513351577_0021
18/04/15 11:31:04 INFO mapreduce.Job: The url to track the job: http://iZwz9hqjdwroktxrjviqe4Z:8088/proxy/application_1523513351577_0021/
18/04/15 11:31:04 INFO mapreduce.Job: Running job: job_1523513351577_0021
18/04/15 11:31:16 INFO mapreduce.Job: Job job_1523513351577_0021 running in uber mode : false
18/04/15 11:31:16 INFO mapreduce.Job:  map 0% reduce 0%
18/04/15 11:31:29 INFO mapreduce.Job:  map 100% reduce 0%
18/04/15 11:31:38 INFO mapreduce.Job:  map 100% reduce 100%
18/04/15 11:31:38 INFO mapreduce.Job: Job job_1523513351577_0021 completed successfully
18/04/15 11:31:38 INFO mapreduce.Job: Counters: 49
        File System Counters
                FILE: Number of bytes read=209
                FILE: Number of bytes written=346212
                FILE: Number of read operations=0
                FILE: Number of large read operations=0
                FILE: Number of write operations=0
                HDFS: Number of bytes read=319
                HDFS: Number of bytes written=302
                HDFS: Number of read operations=9
                HDFS: Number of large read operations=0
                HDFS: Number of write operations=2
        Job Counters
                Launched map tasks=2
                Launched reduce tasks=1
                Data-local map tasks=2
                Total time spent by all maps in occupied slots (ms)=23026
                Total time spent by all reduces in occupied slots (ms)=6157
                Total time spent by all map tasks (ms)=23026
                Total time spent by all reduce tasks (ms)=6157
                Total vcore-seconds taken by all map tasks=23026
                Total vcore-seconds taken by all reduce tasks=6157
                Total megabyte-seconds taken by all map tasks=23578624
                Total megabyte-seconds taken by all reduce tasks=6304768
        Map-Reduce Framework
                Map input records=2
                Map output records=2
                Map output bytes=199
                Map output materialized bytes=215
                Input split bytes=244
                Combine input records=0
                Combine output records=0
                Reduce input groups=2
                Reduce shuffle bytes=215
                Reduce input records=2
                Reduce output records=2
                Spilled Records=4
                Shuffled Maps =2
                Failed Shuffles=0
                Merged Map outputs=2
                GC time elapsed (ms)=527
                CPU time spent (ms)=2210
                Physical memory (bytes) snapshot=530509824
                Virtual memory (bytes) snapshot=5613146112
                Total committed heap usage (bytes)=307437568
        Shuffle Errors
                BAD_ID=0
                CONNECTION=0
                IO_ERROR=0
                WRONG_LENGTH=0
                WRONG_MAP=0
                WRONG_REDUCE=0
        File Input Format Counters
                Bytes Read=75
        File Output Format Counters
                Bytes Written=302


root@iZwz9hqjdwroktxrjviqe4Z:~# hdfs dfs -ls -R /user/ylhao/inputformat/input                                                             -rw-r--r--   1 root supergroup         36 2018-04-15 11:20 /user/ylhao/inputformat/input/file01
-rw-r--r--   1 root supergroup         39 2018-04-15 11:20 /user/ylhao/inputformat/input/file02


root@iZwz9hqjdwroktxrjviqe4Z:~# hdfs dfs -cat /user/ylhao/inputformat/output/*
SEQorg.apache.hadoop.io.Text"org.apache.hadoop.io.BytesWritable▒D▒qz▒▒▒▒▒#lb:9hdfs://localhost:9000/user/ylhao/inputformat/input/file01$order1,1
order2,2
order3,3
order4,4
e:9hdfs://localhost:9000/user/ylhao/inputformat/input/file02'order100,100
order200,200
order300,300
